----------------------------------------
Timestamp: 7/18/2016 12:08:32 AM

Message: HandlingInstanceID: 01027b7f-2877-47d7-8ecb-c133d0e0def4
An exception of type 'System.Web.HttpException' occurred and was caught.
------------------------------------------------------------------------
07/18/2016 10:08:32
Type : System.Web.HttpException, System.Web, Version=4.0.0.0, Culture=neutral, PublicKeyToken=b03f5f7f11d50a3a
Message : File does not exist.
Source : System.Web
Help link : 
WebEventCode : 0
ErrorCode : -2147467259
Data : System.Collections.ListDictionaryInternal
TargetSite : Boolean ProcessRequestForNonMapPathBasedVirtualFile(System.Web.HttpRequest, System.Web.HttpResponse, System.String)
HResult : -2147467259
Stack Trace :    at System.Web.StaticFileHandler.ProcessRequestForNonMapPathBasedVirtualFile(HttpRequest request, HttpResponse response, String overrideVirtualPath)
   at System.Web.StaticFileHandler.ProcessRequestInternal(HttpContext context, String overrideVirtualPath)
   at System.Web.DefaultHttpHandler.BeginProcessRequest(HttpContext context, AsyncCallback callback, Object state)
   at System.Web.HttpApplication.CallHandlerExecutionStep.System.Web.HttpApplication.IExecutionStep.Execute()
   at System.Web.HttpApplication.ExecuteStep(IExecutionStep step, Boolean& completedSynchronously)

Additional Info:

MachineName : TIJUGUDDY
TimeStamp : 7/18/2016 12:08:32 AM
FullName : Telerik.Sitefinity.Utilities, Version=9.1.6110.0, Culture=neutral, PublicKeyToken=b28c218413bdf563
AppDomainName : b6dbaba1-18-131132740206678671
ThreadIdentity : 
WindowsIdentity : TIJUGUDDY\Tiju
Requested URL : http://localhost:11791/Progress_Test/appstatus?count=1


Category: ErrorLog

Priority: 0

EventId: 90000

Severity: Error

Title:Enterprise Library Exception Handling

Machine: TIJUGUDDY

App Domain: b6dbaba1-18-131132740206678671

ProcessId: 10920

Process Name: C:\Program Files (x86)\Progress\Sitefinity\SitefinityCMS.exe

Thread Name: 

Win32 ThreadId:11824

Extended Properties: 
----------------------------------------
