----------------------------------------
Timestamp: 7/16/2016 2:35:11 PM

Message: Background task scheduler shut down


----------------------------------------
----------------------------------------
Timestamp: 7/16/2016 2:35:11 PM

Message: Shutting down threadpool...


----------------------------------------
----------------------------------------
Timestamp: 7/16/2016 2:35:11 PM

Message: Thread pool 'BackgroundTasksService': Shutdown of thread pool completed. All currently running threads will finish their work and stop.


----------------------------------------
----------------------------------------
Timestamp: 7/16/2016 2:35:11 PM

Message: WorkerThread is shut down


----------------------------------------
----------------------------------------
Timestamp: 7/16/2016 2:35:11 PM

Message: WorkerThread is shut down


----------------------------------------
----------------------------------------
Timestamp: 7/16/2016 2:35:11 PM

Message: WorkerThread is shut down


----------------------------------------
----------------------------------------
Timestamp: 7/16/2016 2:35:11 PM

Message: WorkerThread is shut down


----------------------------------------
----------------------------------------
Timestamp: 7/16/2016 2:35:41 PM

Message: Shutting down threadpool...


----------------------------------------
----------------------------------------
Timestamp: 7/16/2016 2:35:41 PM

Message: Thread pool 'BackgroundTasksService': Shutdown of thread pool completed. Threads aborted.


----------------------------------------
----------------------------------------
Timestamp: 7/16/2016 2:47:36 PM

Message: Shutting down threadpool...


----------------------------------------
----------------------------------------
Timestamp: 7/16/2016 2:47:36 PM

Message: Thread pool 'BackgroundTasksService': Shutdown of thread pool completed. All currently running threads will finish their work and stop.


----------------------------------------
----------------------------------------
Timestamp: 7/16/2016 2:47:36 PM

Message: Background task scheduler shut down


----------------------------------------
----------------------------------------
Timestamp: 7/16/2016 2:47:36 PM

Message: WorkerThread is shut down


----------------------------------------
----------------------------------------
Timestamp: 7/16/2016 2:47:36 PM

Message: WorkerThread is shut down


----------------------------------------
----------------------------------------
Timestamp: 7/16/2016 2:47:36 PM

Message: WorkerThread is shut down


----------------------------------------
----------------------------------------
Timestamp: 7/16/2016 2:47:36 PM

Message: WorkerThread is shut down


----------------------------------------
----------------------------------------
Timestamp: 7/16/2016 2:48:06 PM

Message: Shutting down threadpool...


----------------------------------------
----------------------------------------
Timestamp: 7/16/2016 2:48:06 PM

Message: Thread pool 'BackgroundTasksService': Shutdown of thread pool completed. Threads aborted.


----------------------------------------
